#
# A fatal error has been detected by the Java Runtime Environment:
#
#  SIGSEGV (0xb) at pc=0x00000001108a8bf5, pid=3066, tid=17667
#
# JRE version: Java(TM) SE Runtime Environment (8.0_45-b14) (build 1.8.0_45-b14)
# Java VM: Java HotSpot(TM) 64-Bit Server VM (25.45-b02 mixed mode bsd-amd64 compressed oops)
# Problematic frame:
# V  [libjvm.dylib+0x2a8bf5]  binary_search(Array<Method*>*, Symbol*)+0x23
#
# Failed to write core dump. Core dumps have been disabled. To enable core dumping, try "ulimit -c unlimited" before starting Java again
#
# If you would like to submit a bug report, please visit:
#   http://bugreport.java.com/bugreport/crash.jsp
#

---------------  T H R E A D  ---------------

Current thread (0x00007fadb3023000):  JavaThread "C1 CompilerThread2" daemon [_thread_in_vm, id=17667, stack(0x0000000126c5e000,0x0000000126d5e000)]

siginfo: si_signo: 11 (SIGSEGV), si_code: 1 (SEGV_MAPERR), si_addr: 0x0000000000000020

Registers:
RAX=0x000000000000000c, RBX=0x0000000000000000, RCX=0x0000000000000019, RDX=0x0000000000000000
RSP=0x0000000126d5c8e0, RBP=0x0000000126d5c8e0, RSI=0x0000000123a8f200, RDI=0x000000012fe1c810
R8 =0x0000000000000000, R9 =0x0000000000000036, R10=0x0000000000000001, R11=0x0000000005215410
R12=0x0000000126d5ccf0, R13=0x0000000000000064, R14=0x000000012fe1c810, R15=0x00000007c15ce240
RIP=0x00000001108a8bf5, EFLAGS=0x0000000000010207, ERR=0x0000000000000004
  TRAPNO=0x000000000000000e

Top of Stack: (sp=0x0000000126d5c8e0)
0x0000000126d5c8e0:   0000000126d5c930 00000001108a8cec
0x0000000126d5c8f0:   00000001b3023000 0000000123a8f200
0x0000000126d5c900:   0000000123a90790 000000012fe1c810
0x0000000126d5c910:   0000000126d5ccf0 0000000000000064
0x0000000126d5c920:   0000000126d5ccf0 00000007c15ce240
0x0000000126d5c930:   0000000126d5c950 00000001108a8e30
0x0000000126d5c940:   0000000000000001 00000007c15ce240
0x0000000126d5c950:   0000000126d5c980 00000001107edecd
0x0000000126d5c960:   0000000126d5ccf0 0000000126d5cd08
0x0000000126d5c970:   00000007c0000f00 00000007c15ce240
0x0000000126d5c980:   0000000126d5cce0 00000001107ebbd5
0x0000000126d5c990:   00007fadb3023000 00000007c12b5d58
0x0000000126d5c9a0:   00000007c12b4970 00000007c12b54d0
0x0000000126d5c9b0:   00000007c129dda0 00000007c129a6a8
0x0000000126d5c9c0:   00000007c12991a8 00000007c1294828
0x0000000126d5c9d0:   00000007c12968a8 00000007c12877c8
0x0000000126d5c9e0:   00000007c1284348 00000007c127c110
0x0000000126d5c9f0:   00000007c12792a8 00000007c1278458
0x0000000126d5ca00:   00000007c1277e50 00000007c1277858
0x0000000126d5ca10:   00000007c127c510 00000007c126d828
0x0000000126d5ca20:   00000007c121f100 00000007c121f540
0x0000000126d5ca30:   00000007c121e248 00000007c121d450
0x0000000126d5ca40:   00000007c121b7a8 00000007c121ddd0
0x0000000126d5ca50:   00000007c121cc10 00000007c121c988
0x0000000126d5ca60:   00000007c1218a10 00000007c1216ae0
0x0000000126d5ca70:   00000007c1214548 00000007c12109f8
0x0000000126d5ca80:   00000007c120f390 00000007c120ec50
0x0000000126d5ca90:   00000007c12103a8 00000007c1205ea0
0x0000000126d5caa0:   00000007c11ffae0 00000007c1217210
0x0000000126d5cab0:   00000007c11f3668 00000007c1301758
0x0000000126d5cac0:   00000007c130f148 00000007c1421660
0x0000000126d5cad0:   00000007c1419a58 00000007c1417a38 

Instructions: (pc=0x00000001108a8bf5)
0x00000001108a8bd5:   e5 8b 0f ff c9 31 d2 eb 33 ff c0 89 c2 eb 2d 8d
0x00000001108a8be5:   04 11 d1 f8 4c 63 c0 4e 8b 44 c7 08 4d 8b 40 08
0x00000001108a8bf5:   45 0f b7 48 20 4d 8b 40 08 4f 8b 44 c8 50 49 39
0x00000001108a8c05:   f0 72 d6 49 39 f0 74 0d ff c8 89 c1 39 ca 7e cf 

Register to memory mapping:

RAX=0x000000000000000c is an unknown value
RBX=0x0000000000000000 is an unknown value
RCX=0x0000000000000019 is an unknown value
RDX=0x0000000000000000 is an unknown value
RSP=0x0000000126d5c8e0 is pointing into the stack for thread: 0x00007fadb3023000
RBP=0x0000000126d5c8e0 is pointing into the stack for thread: 0x00007fadb3023000
RSI=0x0000000123a8f200 is an unknown value
RDI=0x000000012fe1c810 is pointing into metadata
R8 =0x0000000000000000 is an unknown value
R9 =0x0000000000000036 is an unknown value
R10=0x0000000000000001 is an unknown value
R11=0x0000000005215410 is an unknown value
R12=0x0000000126d5ccf0 is pointing into the stack for thread: 0x00007fadb3023000
R13=0x0000000000000064 is an unknown value
R14=0x000000012fe1c810 is pointing into metadata
R15=0x00000007c15ce240 is pointing into metadata


Stack: [0x0000000126c5e000,0x0000000126d5e000],  sp=0x0000000126d5c8e0,  free space=1018k
Native frames: (J=compiled Java code, j=interpreted, Vv=VM code, C=native code)
V  [libjvm.dylib+0x2a8bf5]  binary_search(Array<Method*>*, Symbol*)+0x23
V  [libjvm.dylib+0x2a8cec]  InstanceKlass::find_method_index(Array<Method*>*, Symbol*, Symbol*, bool, bool)+0x2a
V  [libjvm.dylib+0x2a8e30]  InstanceKlass::find_instance_method(Array<Method*>*, Symbol*, Symbol*)+0x1c
V  [libjvm.dylib+0x1edecd]  ClassHierarchyWalker::is_witness(Klass*)+0x41
V  [libjvm.dylib+0x1ebbd5]  ClassHierarchyWalker::find_witness_anywhere(Klass*, bool, bool)+0x1a3
V  [libjvm.dylib+0x1ebe04]  Dependencies::find_unique_concrete_method(Klass*, Method*)+0x68
V  [libjvm.dylib+0x1686cb]  ciMethod::find_monomorphic_target(ciInstanceKlass*, ciInstanceKlass*, ciInstanceKlass*)+0xcd
V  [libjvm.dylib+0xf01f8]  GraphBuilder::invoke(Bytecodes::Code)+0x704
V  [libjvm.dylib+0xf2be9]  GraphBuilder::iterate_bytecodes_for_block(int)+0x2449
V  [libjvm.dylib+0xef483]  GraphBuilder::iterate_all_blocks(bool)+0x2d
V  [libjvm.dylib+0xef2f6]  GraphBuilder::try_inline_full(ciMethod*, bool, Bytecodes::Code, Instruction*)+0x98c
V  [libjvm.dylib+0xef5f6]  GraphBuilder::try_inline(ciMethod*, bool, Bytecodes::Code, Instruction*)+0xde
V  [libjvm.dylib+0xf053d]  GraphBuilder::invoke(Bytecodes::Code)+0xa49
V  [libjvm.dylib+0xf2be9]  GraphBuilder::iterate_bytecodes_for_block(int)+0x2449
V  [libjvm.dylib+0xef4c5]  GraphBuilder::iterate_all_blocks(bool)+0x6f
V  [libjvm.dylib+0xf39a9]  GraphBuilder::GraphBuilder(Compilation*, IRScope*)+0x2cd
V  [libjvm.dylib+0xf8ec2]  IRScope::IRScope(Compilation*, IRScope*, int, ciMethod*, int, bool)+0x154
V  [libjvm.dylib+0xf8f73]  IR::IR(Compilation*, ciMethod*, int)+0x85
V  [libjvm.dylib+0xe413f]  Compilation::build_hir()+0xa7
V  [libjvm.dylib+0xe42ce]  Compilation::compile_java_method()+0x58
V  [libjvm.dylib+0xe44f7]  Compilation::compile_method()+0x6d
V  [libjvm.dylib+0xe470c]  Compilation::Compilation(AbstractCompiler*, ciEnv*, ciMethod*, int, BufferBlob*)+0x1a2
V  [libjvm.dylib+0xe4e8e]  Compiler::compile_method(ciEnv*, ciMethod*, int)+0x90
V  [libjvm.dylib+0x1b03ee]  CompileBroker::invoke_compiler_on_method(CompileTask*)+0x5b2
V  [libjvm.dylib+0x1b2935]  CompileBroker::compiler_thread_loop()+0x291
V  [libjvm.dylib+0x549acf]  JavaThread::thread_main_inner()+0x9b
V  [libjvm.dylib+0x54b1c0]  JavaThread::run()+0x1c2
V  [libjvm.dylib+0x46ea7e]  java_start(Thread*)+0xf6
C  [libsystem_pthread.dylib+0x3268]  _pthread_body+0x83
C  [libsystem_pthread.dylib+0x31e5]  _pthread_body+0x0
C  [libsystem_pthread.dylib+0x141d]  thread_start+0xd
C  0x0000000000000000


Current CompileTask:
C1:14022993 22230       3       org.gradle.api.JavaVersion::toVersion (131 bytes)


---------------  P R O C E S S  ---------------

Java Threads: ( => current thread )
  0x00007fadb672d800 JavaThread "Stdin handler" [_thread_blocked, id=25195, stack(0x0000000127e9b000,0x0000000127f9b000)]
  0x00007fadb4015800 JavaThread "Daemon worker Thread 15" [_thread_blocked, id=29683, stack(0x0000000127d98000,0x0000000127e98000)]
  0x00007fadb675e000 JavaThread "Cancel handler" [_thread_blocked, id=13639, stack(0x0000000127c95000,0x0000000127d95000)]
  0x00007fadb4015000 JavaThread "Handler for socket connection from /127.0.0.1:51179 to /127.0.0.1:52083" [_thread_in_native, id=24659, stack(0x0000000127992000,0x0000000127a92000)]
  0x00007fadb67d3000 JavaThread "Daemon Thread 15" [_thread_blocked, id=24467, stack(0x000000012788f000,0x000000012798f000)]
  0x00007fadb2b98000 JavaThread "File lock request listener" [_thread_in_native, id=22275, stack(0x0000000129100000,0x0000000129200000)]
  0x00007fadb2a8a800 JavaThread "Incoming local TCP Connector on port 51179" [_thread_in_native, id=19203, stack(0x000000012778c000,0x000000012788c000)]
  0x00007fadb2869800 JavaThread "Service Thread" daemon [_thread_blocked, id=18179, stack(0x0000000126d61000,0x0000000126e61000)]
=>0x00007fadb3023000 JavaThread "C1 CompilerThread2" daemon [_thread_in_vm, id=17667, stack(0x0000000126c5e000,0x0000000126d5e000)]
  0x00007fadb3022800 JavaThread "C2 CompilerThread1" daemon [_thread_blocked, id=17155, stack(0x0000000126b5b000,0x0000000126c5b000)]
  0x00007fadb286b000 JavaThread "C2 CompilerThread0" daemon [_thread_blocked, id=16643, stack(0x0000000126a58000,0x0000000126b58000)]
  0x00007fadb3001000 JavaThread "Signal Dispatcher" daemon [_thread_blocked, id=16151, stack(0x0000000126955000,0x0000000126a55000)]
  0x00007fadb3014800 JavaThread "Finalizer" daemon [_thread_blocked, id=11523, stack(0x0000000124f39000,0x0000000125039000)]
  0x00007fadb285e000 JavaThread "Reference Handler" daemon [_thread_blocked, id=11011, stack(0x0000000124e36000,0x0000000124f36000)]
  0x00007fadb2811800 JavaThread "main" [_thread_blocked, id=4867, stack(0x000000010fc65000,0x000000010fd65000)]

Other Threads:
  0x00007fadb3012000 VMThread [stack: 0x0000000124d33000,0x0000000124e33000] [id=10499]
  0x00007fadb3018800 WatcherThread [stack: 0x0000000126e64000,0x0000000126f64000] [id=18691]

VM state:not at safepoint (normal execution)

VM Mutex/Monitor currently owned by a thread:  ([mutex/lock_event])
[0x00007fadb251f840] Compile_lock - owner thread: 0x00007fadb3023000

Heap:
 PSYoungGen      total 285184K, used 107834K [0x00000007aab00000, 0x00000007bfa80000, 0x00000007c0000000)
  eden space 235520K, 34% used [0x00000007aab00000,0x00000007af9edc10,0x00000007b9100000)
  from space 49664K, 54% used [0x00000007b9100000,0x00000007bab60fa0,0x00000007bc180000)
  to   space 47616K, 0% used [0x00000007bcc00000,0x00000007bcc00000,0x00000007bfa80000)
 ParOldGen       total 305664K, used 152083K [0x0000000780000000, 0x0000000792a80000, 0x00000007aab00000)
  object space 305664K, 49% used [0x0000000780000000,0x0000000789484fd0,0x0000000792a80000)
 Metaspace       used 111633K, capacity 120629K, committed 174208K, reserved 1191936K
  class space    used 15160K, capacity 17922K, committed 30848K, reserved 1048576K

Card table byte_map: [0x0000000120929000,0x0000000120b2a000] byte_map_base: 0x000000011cd29000

Marking Bits: (ParMarkBitMap*) 0x0000000110ec27a0
 Begin Bits: [0x000000012108c000, 0x000000012208c000)
 End Bits:   [0x000000012208c000, 0x000000012308c000)

Polling page: 0x000000010fdaa000

CodeCache: size=245760Kb used=56086Kb max_used=56383Kb free=189673Kb
 bounds [0x0000000111569000, 0x0000000114d79000, 0x0000000120569000]
 total_blobs=14247 nmethods=13534 adapters=623
 compilation: enabled

Compilation events (10 events):
Event: 14021.582 Thread 0x00007fadb3023000 nmethod 22226 0x000000011259b290 code [0x000000011259b4a0, 0x000000011259be28]
Event: 14021.588 Thread 0x00007fadb3023000 22225       3       java.net.URLClassLoader::<init> (48 bytes)
Event: 14021.606 Thread 0x00007fadb3023000 nmethod 22225 0x0000000112a14b90 code [0x0000000112a14dc0, 0x0000000112a155d8]
Event: 14021.687 Thread 0x00007fadb3023000 22228       3       org.gradle.api.internal.artifacts.DefaultArtifactRepositoryContainer$2::execute (9 bytes)
Event: 14021.688 Thread 0x00007fadb3023000 nmethod 22228 0x0000000114579950 code [0x0000000114579ae0, 0x000000011457a110]
Event: 14021.688 Thread 0x00007fadb3023000 22229       3       org.gradle.api.internal.artifacts.DefaultArtifactRepositoryContainer$2::execute (23 bytes)
Event: 14021.688 Thread 0x00007fadb3023000 nmethod 22229 0x00000001148791d0 code [0x0000000114879360, 0x0000000114879810]
Event: 14021.771 Thread 0x00007fadb3022800 nmethod 22221 0x0000000111fffa90 code [0x0000000111ffffe0, 0x0000000112003350]
Event: 14021.830 Thread 0x00007fadb286b000 nmethod 22222 0x0000000112842690 code [0x0000000112842bc0, 0x00000001128469e0]
Event: 14022.736 Thread 0x00007fadb3023000 22230       3       org.gradle.api.JavaVersion::toVersion (131 bytes)

GC Heap History (10 events):
Event: 10112.018 GC heap before
{Heap before GC invocations=85 (full 19):
 PSYoungGen      total 252416K, used 227840K [0x00000007aab00000, 0x00000007beb00000, 0x00000007c0000000)
  eden space 227840K, 100% used [0x00000007aab00000,0x00000007b8980000,0x00000007b8980000)
  from space 24576K, 0% used [0x00000007b8980000,0x00000007b8980000,0x00000007ba180000)
  to   space 49664K, 0% used [0x00000007bba80000,0x00000007bba80000,0x00000007beb00000)
 ParOldGen       total 305664K, used 116071K [0x0000000780000000, 0x0000000792a80000, 0x00000007aab00000)
  object space 305664K, 37% used [0x0000000780000000,0x0000000787159c18,0x0000000792a80000)
 Metaspace       used 96588K, capacity 103415K, committed 174208K, reserved 1191936K
  class space    used 12912K, capacity 14931K, committed 30848K, reserved 1048576K
Event: 10112.073 GC heap after
Heap after GC invocations=85 (full 19):
 PSYoungGen      total 280064K, used 26213K [0x00000007aab00000, 0x00000007bef80000, 0x00000007c0000000)
  eden space 230400K, 0% used [0x00000007aab00000,0x00000007aab00000,0x00000007b8c00000)
  from space 49664K, 52% used [0x00000007bba80000,0x00000007bd419490,0x00000007beb00000)
  to   space 47616K, 0% used [0x00000007b8c00000,0x00000007b8c00000,0x00000007bba80000)
 ParOldGen       total 305664K, used 116079K [0x0000000780000000, 0x0000000792a80000, 0x00000007aab00000)
  object space 305664K, 37% used [0x0000000780000000,0x000000078715bc18,0x0000000792a80000)
 Metaspace       used 96588K, capacity 103415K, committed 174208K, reserved 1191936K
  class space    used 12912K, capacity 14931K, committed 30848K, reserved 1048576K
}
Event: 10285.802 GC heap before
{Heap before GC invocations=86 (full 19):
 PSYoungGen      total 280064K, used 256613K [0x00000007aab00000, 0x00000007bef80000, 0x00000007c0000000)
  eden space 230400K, 100% used [0x00000007aab00000,0x00000007b8c00000,0x00000007b8c00000)
  from space 49664K, 52% used [0x00000007bba80000,0x00000007bd419490,0x00000007beb00000)
  to   space 47616K, 0% used [0x00000007b8c00000,0x00000007b8c00000,0x00000007bba80000)
 ParOldGen       total 305664K, used 116079K [0x0000000780000000, 0x0000000792a80000, 0x00000007aab00000)
  object space 305664K, 37% used [0x0000000780000000,0x000000078715bc18,0x0000000792a80000)
 Metaspace       used 100122K, capacity 107647K, committed 174208K, reserved 1191936K
  class space    used 13410K, capacity 15702K, committed 30848K, reserved 1048576K
Event: 10285.889 GC heap after
Heap after GC invocations=86 (full 19):
 PSYoungGen      total 278016K, used 30478K [0x00000007aab00000, 0x00000007bef80000, 0x00000007c0000000)
  eden space 230400K, 0% used [0x00000007aab00000,0x00000007aab00000,0x00000007b8c00000)
  from space 47616K, 64% used [0x00000007b8c00000,0x00000007ba9c3848,0x00000007bba80000)
  to   space 47104K, 0% used [0x00000007bc180000,0x00000007bc180000,0x00000007bef80000)
 ParOldGen       total 305664K, used 116087K [0x0000000780000000, 0x0000000792a80000, 0x00000007aab00000)
  object space 305664K, 37% used [0x0000000780000000,0x000000078715dc18,0x0000000792a80000)
 Metaspace       used 100122K, capacity 107647K, committed 174208K, reserved 1191936K
  class space    used 13410K, capacity 15702K, committed 30848K, reserved 1048576K
}
Event: 10287.549 GC heap before
{Heap before GC invocations=87 (full 19):
 PSYoungGen      total 278016K, used 140015K [0x00000007aab00000, 0x00000007bef80000, 0x00000007c0000000)
  eden space 230400K, 47% used [0x00000007aab00000,0x00000007b15f86b8,0x00000007b8c00000)
  from space 47616K, 64% used [0x00000007b8c00000,0x00000007ba9c3848,0x00000007bba80000)
  to   space 47104K, 0% used [0x00000007bc180000,0x00000007bc180000,0x00000007bef80000)
 ParOldGen       total 305664K, used 116087K [0x0000000780000000, 0x0000000792a80000, 0x00000007aab00000)
  object space 305664K, 37% used [0x0000000780000000,0x000000078715dc18,0x0000000792a80000)
 Metaspace       used 103409K, capacity 111350K, committed 174208K, reserved 1191936K
  class space    used 13971K, capacity 16344K, committed 30848K, reserved 1048576K
Event: 10287.641 GC heap after
Heap after GC invocations=87 (full 19):
 PSYoungGen      total 282624K, used 39277K [0x00000007aab00000, 0x00000007bf480000, 0x00000007c0000000)
  eden space 235520K, 0% used [0x00000007aab00000,0x00000007aab00000,0x00000007b9100000)
  from space 47104K, 83% used [0x00000007bc180000,0x00000007be7db638,0x00000007bef80000)
  to   space 49664K, 0% used [0x00000007b9100000,0x00000007b9100000,0x00000007bc180000)
 ParOldGen       total 305664K, used 116095K [0x0000000780000000, 0x0000000792a80000, 0x00000007aab00000)
  object space 305664K, 37% used [0x0000000780000000,0x000000078715fc18,0x0000000792a80000)
 Metaspace       used 103409K, capacity 111350K, committed 174208K, reserved 1191936K
  class space    used 13971K, capacity 16344K, committed 30848K, reserved 1048576K
}
Event: 10287.641 GC heap before
{Heap before GC invocations=88 (full 20):
 PSYoungGen      total 282624K, used 39277K [0x00000007aab00000, 0x00000007bf480000, 0x00000007c0000000)
  eden space 235520K, 0% used [0x00000007aab00000,0x00000007aab00000,0x00000007b9100000)
  from space 47104K, 83% used [0x00000007bc180000,0x00000007be7db638,0x00000007bef80000)
  to   space 49664K, 0% used [0x00000007b9100000,0x00000007b9100000,0x00000007bc180000)
 ParOldGen       total 305664K, used 116095K [0x0000000780000000, 0x0000000792a80000, 0x00000007aab00000)
  object space 305664K, 37% used [0x0000000780000000,0x000000078715fc18,0x0000000792a80000)
 Metaspace       used 103409K, capacity 111350K, committed 174208K, reserved 1191936K
  class space    used 13971K, capacity 16344K, committed 30848K, reserved 1048576K
Event: 10290.760 GC heap after
Heap after GC invocations=88 (full 20):
 PSYoungGen      total 282624K, used 0K [0x00000007aab00000, 0x00000007bf480000, 0x00000007c0000000)
  eden space 235520K, 0% used [0x00000007aab00000,0x00000007aab00000,0x00000007b9100000)
  from space 47104K, 0% used [0x00000007bc180000,0x00000007bc180000,0x00000007bef80000)
  to   space 49664K, 0% used [0x00000007b9100000,0x00000007b9100000,0x00000007bc180000)
 ParOldGen       total 305664K, used 152075K [0x0000000780000000, 0x0000000792a80000, 0x00000007aab00000)
  object space 305664K, 49% used [0x0000000780000000,0x0000000789482fd0,0x0000000792a80000)
 Metaspace       used 103375K, capacity 111236K, committed 174208K, reserved 1191936K
  class space    used 13965K, capacity 16310K, committed 30848K, reserved 1048576K
}
Event: 10313.565 GC heap before
{Heap before GC invocations=89 (full 20):
 PSYoungGen      total 282624K, used 235520K [0x00000007aab00000, 0x00000007bf480000, 0x00000007c0000000)
  eden space 235520K, 100% used [0x00000007aab00000,0x00000007b9100000,0x00000007b9100000)
  from space 47104K, 0% used [0x00000007bc180000,0x00000007bc180000,0x00000007bef80000)
  to   space 49664K, 0% used [0x00000007b9100000,0x00000007b9100000,0x00000007bc180000)
 ParOldGen       total 305664K, used 152075K [0x0000000780000000, 0x0000000792a80000, 0x00000007aab00000)
  object space 305664K, 49% used [0x0000000780000000,0x0000000789482fd0,0x0000000792a80000)
 Metaspace       used 109471K, capacity 118085K, committed 174208K, reserved 1191936K
  class space    used 14881K, capacity 17483K, committed 30848K, reserved 1048576K
Event: 10313.782 GC heap after
Heap after GC invocations=89 (full 20):
 PSYoungGen      total 285184K, used 27011K [0x00000007aab00000, 0x00000007bfa80000, 0x00000007c0000000)
  eden space 235520K, 0% used [0x00000007aab00000,0x00000007aab00000,0x00000007b9100000)
  from space 49664K, 54% used [0x00000007b9100000,0x00000007bab60fa0,0x00000007bc180000)
  to   space 47616K, 0% used [0x00000007bcc00000,0x00000007bcc00000,0x00000007bfa80000)
 ParOldGen       total 305664K, used 152083K [0x0000000780000000, 0x0000000792a80000, 0x00000007aab00000)
  object space 305664K, 49% used [0x0000000780000000,0x0000000789484fd0,0x0000000792a80000)
 Metaspace       used 109471K, capacity 118085K, committed 174208K, reserved 1191936K
  class space    used 14881K, capacity 17483K, committed 30848K, reserved 1048576K
}

Deoptimization events (10 events):
Event: 10110.803 Thread 0x00007fadb672d800 Uncommon trap: reason=unstable_if action=reinterpret pc=0x00000001135d3b44 method=com.google.common.cache.LocalCache$Segment.evictEntries()V @ 25
Event: 10110.846 Thread 0x00007fadb672d800 Uncommon trap: reason=unstable_if action=reinterpret pc=0x00000001135c7624 method=com.google.common.cache.LocalCache$Segment.evictEntries()V @ 25
Event: 10283.307 Thread 0x00007fadb6396000 Uncommon trap: reason=bimorphic action=maybe_recompile pc=0x0000000113f6a984 method=com.google.common.cache.LocalCache$Segment.getEntry(Ljava/lang/Object;I)Lcom/google/common/cache/LocalCache$ReferenceEntry; @ 62
Event: 10283.308 Thread 0x00007fadb6396000 Uncommon trap: reason=bimorphic action=maybe_recompile pc=0x0000000113f6a984 method=com.google.common.cache.LocalCache$Segment.getEntry(Ljava/lang/Object;I)Lcom/google/common/cache/LocalCache$ReferenceEntry; @ 62
Event: 10283.308 Thread 0x00007fadb6396000 Uncommon trap: reason=bimorphic action=maybe_recompile pc=0x0000000113f6a984 method=com.google.common.cache.LocalCache$Segment.getEntry(Ljava/lang/Object;I)Lcom/google/common/cache/LocalCache$ReferenceEntry; @ 62
Event: 10283.308 Thread 0x00007fadb6396000 Uncommon trap: reason=bimorphic action=maybe_recompile pc=0x0000000113584504 method=com.google.common.cache.LocalCache$Segment.getEntry(Ljava/lang/Object;I)Lcom/google/common/cache/LocalCache$ReferenceEntry; @ 62
Event: 10283.308 Thread 0x00007fadb6396000 Uncommon trap: reason=bimorphic action=maybe_recompile pc=0x00000001119caeb8 method=com.google.common.cache.LocalCache$Segment.getEntry(Ljava/lang/Object;I)Lcom/google/common/cache/LocalCache$ReferenceEntry; @ 62
Event: 10286.428 Thread 0x00007fadb6396000 Uncommon trap: reason=unstable_if action=reinterpret pc=0x0000000113763108 method=org.codehaus.groovy.util.AbstractConcurrentMapBase$Segment.rehash()V @ 145
Event: 10286.430 Thread 0x00007fadb6396000 Uncommon trap: reason=unstable_if action=reinterpret pc=0x0000000113759694 method=org.codehaus.groovy.util.AbstractConcurrentMapBase$Segment.rehash()V @ 145
Event: 14020.312 Thread 0x00007fadb2a8a800 Uncommon trap: reason=null_check action=make_not_entrant pc=0x0000000114a238c8 method=org.gradle.logging.internal.logback.LogbackLoggingConfigurer$GradleAppender.append(Lch/qos/logback/classic/spi/ILoggingEvent;)V @ 6

Internal exceptions (10 events):
Event: 14022.679 Thread 0x00007fadb4015800 Exception <a 'java/lang/ClassNotFoundException': com/android/build/gradle/AppPluginBeanInfo> (0x00000007af5fbd20) thrown at [/Users/java_re/workspace/8-2-build-macosx-x86_64/jdk8u45/3457/hotspot/src/share/vm/classfile/systemDictionary.cpp, line 210]
Event: 14022.679 Thread 0x00007fadb4015800 Exception <a 'java/lang/ClassNotFoundException': com/android/build/gradle/BasePluginBeanInfo> (0x00000007af604010) thrown at [/Users/java_re/workspace/8-2-build-macosx-x86_64/jdk8u45/3457/hotspot/src/share/vm/classfile/systemDictionary.cpp, line 210]
Event: 14022.680 Thread 0x00007fadb4015800 Exception <a 'java/lang/ClassNotFoundException': com/android/build/gradle/BasePluginCustomizer> (0x00000007af60c508) thrown at [/Users/java_re/workspace/8-2-build-macosx-x86_64/jdk8u45/3457/hotspot/src/share/vm/classfile/systemDictionary.cpp, line 210]
Event: 14022.684 Thread 0x00007fadb4015800 Exception <a 'java/lang/ClassNotFoundException': com/android/build/gradle/AppPluginCustomizer> (0x00000007af6bfd60) thrown at [/Users/java_re/workspace/8-2-build-macosx-x86_64/jdk8u45/3457/hotspot/src/share/vm/classfile/systemDictionary.cpp, line 210]
Event: 14022.693 Thread 0x00007fadb4015800 Exception <a 'java/lang/ClassNotFoundException': com/android/build/gradle/internal/LoggerWrapperBeanInfo> (0x00000007af785880) thrown at [/Users/java_re/workspace/8-2-build-macosx-x86_64/jdk8u45/3457/hotspot/src/share/vm/classfile/systemDictionary.cpp, li
Event: 14022.694 Thread 0x00007fadb4015800 Exception <a 'java/lang/ClassNotFoundException': com/android/build/gradle/internal/LoggerWrapperCustomizer> (0x00000007af78eee8) thrown at [/Users/java_re/workspace/8-2-build-macosx-x86_64/jdk8u45/3457/hotspot/src/share/vm/classfile/systemDictionary.cpp, 
Event: 14022.696 Thread 0x00007fadb4015800 Exception <a 'java/lang/ClassNotFoundException': com/android/build/gradle/internal/SdkHandlerBeanInfo> (0x00000007af7b8c28) thrown at [/Users/java_re/workspace/8-2-build-macosx-x86_64/jdk8u45/3457/hotspot/src/share/vm/classfile/systemDictionary.cpp, line 
Event: 14022.696 Thread 0x00007fadb4015800 Exception <a 'java/lang/ClassNotFoundException': com/android/build/gradle/internal/SdkHandlerCustomizer> (0x00000007af7c1e18) thrown at [/Users/java_re/workspace/8-2-build-macosx-x86_64/jdk8u45/3457/hotspot/src/share/vm/classfile/systemDictionary.cpp, lin
Event: 14022.727 Thread 0x00007fadb4015800 Exception <a 'java/lang/ClassNotFoundException': com/android/builder/core/AndroidBuilderBeanInfo> (0x00000007af8816c8) thrown at [/Users/java_re/workspace/8-2-build-macosx-x86_64/jdk8u45/3457/hotspot/src/share/vm/classfile/systemDictionary.cpp, line 210]
Event: 14022.727 Thread 0x00007fadb4015800 Exception <a 'java/lang/ClassNotFoundException': com/android/builder/core/AndroidBuilderCustomizer> (0x00000007af88a040) thrown at [/Users/java_re/workspace/8-2-build-macosx-x86_64/jdk8u45/3457/hotspot/src/share/vm/classfile/systemDictionary.cpp, line 210

Events (10 events):
Event: 14022.696 loading class com/android/build/gradle/internal/SdkHandlerBeanInfo
Event: 14022.696 loading class com/android/build/gradle/internal/SdkHandlerBeanInfo done
Event: 14022.696 loading class com/android/build/gradle/internal/SdkHandlerCustomizer
Event: 14022.696 loading class com/android/build/gradle/internal/SdkHandlerCustomizer done
Event: 14022.698 loading class groovy/runtime/metaclass/com/android/builder/core/AndroidBuilderMetaClass
Event: 14022.698 loading class groovy/runtime/metaclass/com/android/builder/core/AndroidBuilderMetaClass done
Event: 14022.727 loading class com/android/builder/core/AndroidBuilderBeanInfo
Event: 14022.727 loading class com/android/builder/core/AndroidBuilderBeanInfo done
Event: 14022.727 loading class com/android/builder/core/AndroidBuilderCustomizer
Event: 14022.727 loading class com/android/builder/core/AndroidBuilderCustomizer done


Dynamic libraries:
0x0000000000838000 	/System/Library/Frameworks/Cocoa.framework/Versions/A/Cocoa
0x0000000000838000 	/System/Library/Frameworks/Security.framework/Versions/A/Security
0x0000000000838000 	/System/Library/Frameworks/ApplicationServices.framework/Versions/A/ApplicationServices
0x0000000000838000 	/usr/lib/libz.1.dylib
0x0000000000838000 	/usr/lib/libSystem.B.dylib
0x0000000000838000 	/usr/lib/libobjc.A.dylib
0x0000000000838000 	/System/Library/Frameworks/CoreFoundation.framework/Versions/A/CoreFoundation
0x0000000000838000 	/System/Library/Frameworks/Foundation.framework/Versions/C/Foundation
0x0000000000838000 	/System/Library/Frameworks/AppKit.framework/Versions/C/AppKit
0x0000000000838000 	/System/Library/Frameworks/CoreData.framework/Versions/A/CoreData
0x0000000000838000 	/System/Library/PrivateFrameworks/RemoteViewServices.framework/Versions/A/RemoteViewServices
0x0000000000838000 	/System/Library/PrivateFrameworks/UIFoundation.framework/Versions/A/UIFoundation
0x0000000000838000 	/System/Library/Frameworks/IOSurface.framework/Versions/A/IOSurface
0x0000000000838000 	/System/Library/Frameworks/AudioToolbox.framework/Versions/A/AudioToolbox
0x0000000000838000 	/System/Library/Frameworks/AudioUnit.framework/Versions/A/AudioUnit
0x0000000000838000 	/System/Library/PrivateFrameworks/DataDetectorsCore.framework/Versions/A/DataDetectorsCore
0x0000000000838000 	/System/Library/PrivateFrameworks/DesktopServicesPriv.framework/Versions/A/DesktopServicesPriv
0x0000000000838000 	/System/Library/Frameworks/Carbon.framework/Versions/A/Frameworks/HIToolbox.framework/Versions/A/HIToolbox
0x0000000000838000 	/System/Library/Frameworks/QuartzCore.framework/Versions/A/QuartzCore
0x0000000000838000 	/System/Library/Frameworks/Carbon.framework/Versions/A/Frameworks/SpeechRecognition.framework/Versions/A/SpeechRecognition
0x0000000000838000 	/usr/lib/libauto.dylib
0x0000000000838000 	/usr/lib/libicucore.A.dylib
0x0000000000838000 	/usr/lib/libxml2.2.dylib
0x0000000000838000 	/System/Library/PrivateFrameworks/CoreUI.framework/Versions/A/CoreUI
0x0000000000838000 	/System/Library/Frameworks/CoreAudio.framework/Versions/A/CoreAudio
0x0000000000838000 	/System/Library/Frameworks/DiskArbitration.framework/Versions/A/DiskArbitration
0x0000000000838000 	/usr/lib/liblangid.dylib
0x0000000000838000 	/System/Library/PrivateFrameworks/MultitouchSupport.framework/Versions/A/MultitouchSupport
0x0000000000838000 	/System/Library/Frameworks/IOKit.framework/Versions/A/IOKit
0x0000000000838000 	/usr/lib/libDiagnosticMessagesClient.dylib
0x0000000000838000 	/System/Library/Frameworks/CoreServices.framework/Versions/A/CoreServices
0x0000000000838000 	/System/Library/PrivateFrameworks/PerformanceAnalysis.framework/Versions/A/PerformanceAnalysis
0x0000000000838000 	/System/Library/PrivateFrameworks/GenerationalStorage.framework/Versions/A/GenerationalStorage
0x0000000000838000 	/System/Library/Frameworks/OpenGL.framework/Versions/A/OpenGL
0x0000000000838000 	/System/Library/PrivateFrameworks/Sharing.framework/Versions/A/Sharing
0x0000000000838000 	/System/Library/Frameworks/CoreGraphics.framework/Versions/A/CoreGraphics
0x0000000000838000 	/System/Library/Frameworks/CoreText.framework/Versions/A/CoreText
0x0000000000838000 	/System/Library/Frameworks/ImageIO.framework/Versions/A/ImageIO
0x0000000000838000 	/usr/lib/libextension.dylib
0x0000000000838000 	/System/Library/PrivateFrameworks/Backup.framework/Versions/A/Backup
0x0000000000838000 	/usr/lib/libarchive.2.dylib
0x0000000000838000 	/System/Library/Frameworks/CFNetwork.framework/Versions/A/CFNetwork
0x0000000000838000 	/System/Library/Frameworks/SystemConfiguration.framework/Versions/A/SystemConfiguration
0x0000000000838000 	/usr/lib/libCRFSuite.dylib
0x0000000000838000 	/usr/lib/libc++.1.dylib
0x0000000000838000 	/usr/lib/libc++abi.dylib
0x0000000000838000 	/usr/lib/system/libcache.dylib
0x0000000000838000 	/usr/lib/system/libcommonCrypto.dylib
0x0000000000838000 	/usr/lib/system/libcompiler_rt.dylib
0x0000000000838000 	/usr/lib/system/libcopyfile.dylib
0x0000000000838000 	/usr/lib/system/libcorecrypto.dylib
0x0000000000838000 	/usr/lib/system/libdispatch.dylib
0x0000000000838000 	/usr/lib/system/libdyld.dylib
0x0000000000838000 	/usr/lib/system/libkeymgr.dylib
0x0000000000838000 	/usr/lib/system/liblaunch.dylib
0x0000000000838000 	/usr/lib/system/libmacho.dylib
0x0000000000838000 	/usr/lib/system/libquarantine.dylib
0x0000000000838000 	/usr/lib/system/libremovefile.dylib
0x0000000000838000 	/usr/lib/system/libsystem_asl.dylib
0x0000000000838000 	/usr/lib/system/libsystem_blocks.dylib
0x0000000000838000 	/usr/lib/system/libsystem_c.dylib
0x0000000000838000 	/usr/lib/system/libsystem_configuration.dylib
0x0000000000838000 	/usr/lib/system/libsystem_coreservices.dylib
0x0000000000838000 	/usr/lib/system/libsystem_coretls.dylib
0x0000000000838000 	/usr/lib/system/libsystem_dnssd.dylib
0x0000000000838000 	/usr/lib/system/libsystem_info.dylib
0x0000000000838000 	/usr/lib/system/libsystem_kernel.dylib
0x0000000000838000 	/usr/lib/system/libsystem_m.dylib
0x0000000000838000 	/usr/lib/system/libsystem_malloc.dylib
0x0000000000838000 	/usr/lib/system/libsystem_network.dylib
0x0000000000838000 	/usr/lib/system/libsystem_networkextension.dylib
0x0000000000838000 	/usr/lib/system/libsystem_notify.dylib
0x0000000000838000 	/usr/lib/system/libsystem_platform.dylib
0x0000000000838000 	/usr/lib/system/libsystem_pthread.dylib
0x0000000000838000 	/usr/lib/system/libsystem_sandbox.dylib
0x0000000000838000 	/usr/lib/system/libsystem_secinit.dylib
0x0000000000838000 	/usr/lib/system/libsystem_stats.dylib
0x0000000000838000 	/usr/lib/system/libsystem_trace.dylib
0x0000000000838000 	/usr/lib/system/libunc.dylib
0x0000000000838000 	/usr/lib/system/libunwind.dylib
0x0000000000838000 	/usr/lib/system/libxpc.dylib
0x0000000000838000 	/usr/lib/libbz2.1.0.dylib
0x0000000000838000 	/usr/lib/liblzma.5.dylib
0x0000000000838000 	/usr/lib/libbsm.0.dylib
0x0000000000838000 	/usr/lib/libsqlite3.dylib
0x0000000000838000 	/usr/lib/system/libkxld.dylib
0x0000000000838000 	/usr/lib/libxar.1.dylib
0x0000000000838000 	/usr/lib/libpam.2.dylib
0x0000000000838000 	/usr/lib/libOpenScriptingUtil.dylib
0x0000000000838000 	/System/Library/Frameworks/CoreServices.framework/Versions/A/Frameworks/FSEvents.framework/Versions/A/FSEvents
0x0000000000838000 	/System/Library/Frameworks/CoreServices.framework/Versions/A/Frameworks/CarbonCore.framework/Versions/A/CarbonCore
0x0000000000838000 	/System/Library/Frameworks/CoreServices.framework/Versions/A/Frameworks/Metadata.framework/Versions/A/Metadata
0x0000000000838000 	/System/Library/Frameworks/CoreServices.framework/Versions/A/Frameworks/OSServices.framework/Versions/A/OSServices
0x0000000000838000 	/System/Library/Frameworks/CoreServices.framework/Versions/A/Frameworks/SearchKit.framework/Versions/A/SearchKit
0x0000000000838000 	/System/Library/Frameworks/CoreServices.framework/Versions/A/Frameworks/AE.framework/Versions/A/AE
0x0000000000838000 	/System/Library/Frameworks/CoreServices.framework/Versions/A/Frameworks/LaunchServices.framework/Versions/A/LaunchServices
0x0000000000838000 	/System/Library/Frameworks/CoreServices.framework/Versions/A/Frameworks/DictionaryServices.framework/Versions/A/DictionaryServices
0x0000000000838000 	/System/Library/Frameworks/NetFS.framework/Versions/A/NetFS
0x0000000000838000 	/System/Library/PrivateFrameworks/NetAuth.framework/Versions/A/NetAuth
0x0000000000838000 	/System/Library/PrivateFrameworks/login.framework/Versions/A/Frameworks/loginsupport.framework/Versions/A/loginsupport
0x0000000000838000 	/System/Library/PrivateFrameworks/TCC.framework/Versions/A/TCC
0x0000000000838000 	/usr/lib/libmecabra.dylib
0x0000000000838000 	/System/Library/Frameworks/ApplicationServices.framework/Versions/A/Frameworks/ATS.framework/Versions/A/ATS
0x0000000000838000 	/System/Library/Frameworks/ApplicationServices.framework/Versions/A/Frameworks/ColorSync.framework/Versions/A/ColorSync
0x0000000000838000 	/System/Library/Frameworks/ApplicationServices.framework/Versions/A/Frameworks/HIServices.framework/Versions/A/HIServices
0x0000000000838000 	/System/Library/Frameworks/ApplicationServices.framework/Versions/A/Frameworks/LangAnalysis.framework/Versions/A/LangAnalysis
0x0000000000838000 	/System/Library/Frameworks/ApplicationServices.framework/Versions/A/Frameworks/PrintCore.framework/Versions/A/PrintCore
0x0000000000838000 	/System/Library/Frameworks/ApplicationServices.framework/Versions/A/Frameworks/QD.framework/Versions/A/QD
0x0000000000838000 	/System/Library/Frameworks/ApplicationServices.framework/Versions/A/Frameworks/SpeechSynthesis.framework/Versions/A/SpeechSynthesis
0x0000000000838000 	/System/Library/Frameworks/Accelerate.framework/Versions/A/Accelerate
0x0000000000838000 	/System/Library/Frameworks/Accelerate.framework/Versions/A/Frameworks/vImage.framework/Versions/A/vImage
0x0000000000838000 	/System/Library/Frameworks/Accelerate.framework/Versions/A/Frameworks/vecLib.framework/Versions/A/vecLib
0x0000000000838000 	/System/Library/Frameworks/Accelerate.framework/Versions/A/Frameworks/vecLib.framework/Versions/A/libvDSP.dylib
0x0000000000838000 	/System/Library/Frameworks/Accelerate.framework/Versions/A/Frameworks/vecLib.framework/Versions/A/libvMisc.dylib
0x0000000000838000 	/System/Library/Frameworks/Accelerate.framework/Versions/A/Frameworks/vecLib.framework/Versions/A/libLAPACK.dylib
0x0000000000838000 	/System/Library/Frameworks/Accelerate.framework/Versions/A/Frameworks/vecLib.framework/Versions/A/libBLAS.dylib
0x0000000000838000 	/System/Library/Frameworks/Accelerate.framework/Versions/A/Frameworks/vecLib.framework/Versions/A/libLinearAlgebra.dylib
0x0000000000838000 	/System/Library/Frameworks/ApplicationServices.framework/Versions/A/Frameworks/ATS.framework/Versions/A/Resources/libFontParser.dylib
0x0000000000838000 	/System/Library/Frameworks/ApplicationServices.framework/Versions/A/Frameworks/ATS.framework/Versions/A/Resources/libFontRegistry.dylib
0x0000000000838000 	/System/Library/PrivateFrameworks/AppleVPA.framework/Versions/A/AppleVPA
0x0000000000838000 	/System/Library/PrivateFrameworks/AppleJPEG.framework/Versions/A/AppleJPEG
0x0000000000838000 	/System/Library/Frameworks/ImageIO.framework/Versions/A/Resources/libJPEG.dylib
0x0000000000838000 	/System/Library/Frameworks/ImageIO.framework/Versions/A/Resources/libTIFF.dylib
0x0000000000838000 	/System/Library/Frameworks/ImageIO.framework/Versions/A/Resources/libPng.dylib
0x0000000000838000 	/System/Library/Frameworks/ImageIO.framework/Versions/A/Resources/libGIF.dylib
0x0000000000838000 	/System/Library/Frameworks/ImageIO.framework/Versions/A/Resources/libJP2.dylib
0x0000000000838000 	/System/Library/Frameworks/ImageIO.framework/Versions/A/Resources/libRadiance.dylib
0x0000000000838000 	/System/Library/Frameworks/CoreVideo.framework/Versions/A/CoreVideo
0x0000000000838000 	/System/Library/Frameworks/OpenGL.framework/Versions/A/Libraries/libGLU.dylib
0x0000000000838000 	/System/Library/Frameworks/OpenGL.framework/Versions/A/Libraries/libGFXShared.dylib
0x0000000000838000 	/System/Library/Frameworks/OpenGL.framework/Versions/A/Libraries/libGL.dylib
0x0000000000838000 	/System/Library/Frameworks/OpenGL.framework/Versions/A/Libraries/libGLImage.dylib
0x0000000000838000 	/System/Library/Frameworks/OpenGL.framework/Versions/A/Libraries/libCVMSPluginSupport.dylib
0x0000000000838000 	/System/Library/Frameworks/OpenGL.framework/Versions/A/Libraries/libCoreVMClient.dylib
0x0000000000838000 	/usr/lib/libcups.2.dylib
0x0000000000838000 	/System/Library/Frameworks/Kerberos.framework/Versions/A/Kerberos
0x0000000000838000 	/System/Library/Frameworks/GSS.framework/Versions/A/GSS
0x0000000000838000 	/usr/lib/libresolv.9.dylib
0x0000000000838000 	/usr/lib/libiconv.2.dylib
0x0000000000838000 	/System/Library/PrivateFrameworks/Heimdal.framework/Versions/A/Heimdal
0x0000000000838000 	/usr/lib/libheimdal-asn1.dylib
0x0000000000838000 	/System/Library/Frameworks/OpenDirectory.framework/Versions/A/OpenDirectory
0x0000000000838000 	/System/Library/PrivateFrameworks/CommonAuth.framework/Versions/A/CommonAuth
0x0000000000838000 	/System/Library/Frameworks/OpenDirectory.framework/Versions/A/Frameworks/CFOpenDirectory.framework/Versions/A/CFOpenDirectory
0x0000000000838000 	/System/Library/Frameworks/SecurityFoundation.framework/Versions/A/SecurityFoundation
0x0000000000838000 	/System/Library/PrivateFrameworks/LanguageModeling.framework/Versions/A/LanguageModeling
0x0000000000838000 	/usr/lib/libcmph.dylib
0x0000000000838000 	/System/Library/Frameworks/ServiceManagement.framework/Versions/A/ServiceManagement
0x0000000000838000 	/usr/lib/libxslt.1.dylib
0x0000000000838000 	/System/Library/Frameworks/Carbon.framework/Versions/A/Frameworks/Ink.framework/Versions/A/Ink
0x0000000000838000 	/System/Library/Frameworks/QuartzCore.framework/Versions/A/Frameworks/CoreImage.framework/Versions/A/CoreImage
0x0000000000838000 	/System/Library/PrivateFrameworks/CrashReporterSupport.framework/Versions/A/CrashReporterSupport
0x0000000000838000 	/System/Library/Frameworks/OpenCL.framework/Versions/A/OpenCL
0x0000000000838000 	/System/Library/PrivateFrameworks/FaceCore.framework/Versions/A/FaceCore
0x0000000000838000 	/System/Library/PrivateFrameworks/Ubiquity.framework/Versions/A/Ubiquity
0x0000000000838000 	/System/Library/PrivateFrameworks/IconServices.framework/Versions/A/IconServices
0x0000000000838000 	/System/Library/PrivateFrameworks/ChunkingLibrary.framework/Versions/A/ChunkingLibrary
0x0000000000838000 	/System/Library/PrivateFrameworks/Apple80211.framework/Versions/A/Apple80211
0x0000000000838000 	/System/Library/Frameworks/CoreWLAN.framework/Versions/A/CoreWLAN
0x0000000000838000 	/System/Library/Frameworks/IOBluetooth.framework/Versions/A/IOBluetooth
0x0000000000838000 	/System/Library/PrivateFrameworks/CoreWiFi.framework/Versions/A/CoreWiFi
0x0000000000838000 	/System/Library/Frameworks/CoreBluetooth.framework/Versions/A/CoreBluetooth
0x0000000000838000 	/System/Library/PrivateFrameworks/DebugSymbols.framework/Versions/A/DebugSymbols
0x0000000000838000 	/System/Library/PrivateFrameworks/CoreSymbolication.framework/Versions/A/CoreSymbolication
0x0000000000838000 	/System/Library/PrivateFrameworks/Symbolication.framework/Versions/A/Symbolication
0x0000000000838000 	/System/Library/PrivateFrameworks/SpeechRecognitionCore.framework/Versions/A/SpeechRecognitionCore
0x0000000110600000 	/Library/Java/JavaVirtualMachines/jdk1.8.0_45.jdk/Contents/Home/jre/lib/server/libjvm.dylib
0x0000000000838000 	/usr/lib/libstdc++.6.dylib
0x000000010fd67000 	/Library/Java/JavaVirtualMachines/jdk1.8.0_45.jdk/Contents/Home/jre/lib/libverify.dylib
0x000000010fd75000 	/Library/Java/JavaVirtualMachines/jdk1.8.0_45.jdk/Contents/Home/jre/lib/libjava.dylib
0x000000010fdb4000 	/Library/Java/JavaVirtualMachines/jdk1.8.0_45.jdk/Contents/Home/jre/lib/libzip.dylib
0x000000012503b000 	/System/Library/Frameworks/JavaVM.framework/Frameworks/JavaRuntimeSupport.framework/JavaRuntimeSupport
0x0000000125051000 	/System/Library/Frameworks/JavaVM.framework/Versions/A/Frameworks/JavaNativeFoundation.framework/Versions/A/JavaNativeFoundation
0x0000000125065000 	/System/Library/Frameworks/JavaVM.framework/Versions/A/JavaVM
0x0000000000838000 	/System/Library/Frameworks/Carbon.framework/Versions/A/Carbon
0x0000000125071000 	/System/Library/PrivateFrameworks/JavaLaunching.framework/Versions/A/JavaLaunching
0x0000000000838000 	/System/Library/Frameworks/Carbon.framework/Versions/A/Frameworks/CommonPanels.framework/Versions/A/CommonPanels
0x0000000000838000 	/System/Library/Frameworks/Carbon.framework/Versions/A/Frameworks/Help.framework/Versions/A/Help
0x0000000000838000 	/System/Library/Frameworks/Carbon.framework/Versions/A/Frameworks/ImageCapture.framework/Versions/A/ImageCapture
0x0000000000838000 	/System/Library/Frameworks/Carbon.framework/Versions/A/Frameworks/OpenScripting.framework/Versions/A/OpenScripting
0x0000000000838000 	/System/Library/Frameworks/Carbon.framework/Versions/A/Frameworks/Print.framework/Versions/A/Print
0x0000000000838000 	/System/Library/Frameworks/Carbon.framework/Versions/A/Frameworks/SecurityHI.framework/Versions/A/SecurityHI
0x000000012775f000 	/private/var/folders/2p/rc3p15p90xb5_p7jk4ds6lym0000gn/T/native-platform5964022171165483133dir/libnative-platform.dylib
0x0000000127764000 	/Library/Java/JavaVirtualMachines/jdk1.8.0_45.jdk/Contents/Home/jre/lib/libnet.dylib
0x000000012777b000 	/Library/Java/JavaVirtualMachines/jdk1.8.0_45.jdk/Contents/Home/jre/lib/libnio.dylib

VM Arguments:
jvm_args: -XX:MaxPermSize=256m -XX:+HeapDumpOnOutOfMemoryError -Xmx1024m -Dfile.encoding=UTF-8 -Duser.country=XL -Duser.language=es -Duser.variant 
java_command: org.gradle.launcher.daemon.bootstrap.GradleDaemon 2.2.1 /Users/sebastian/.gradle/daemon 10800000 04f09a57-cd3f-4b1b-a98f-3b3ead4eb4ce -XX:MaxPermSize=256m -XX:+HeapDumpOnOutOfMemoryError -Xmx1024m -Dfile.encoding=UTF-8 -Duser.country=XL -Duser.language=es -Duser.variant
java_class_path (initial): /Applications/Android Studio.app/Contents/gradle/gradle-2.2.1/lib/gradle-launcher-2.2.1.jar
Launcher Type: SUN_STANDARD

Environment Variables:
PATH=/usr/bin:/bin:/usr/sbin:/sbin
SHELL=/bin/bash

Signal Handlers:
SIGSEGV: [libjvm.dylib+0x58ef95], sa_mask[0]=11111111011111110111111111111111, sa_flags=SA_ONSTACK|SA_RESTART|SA_SIGINFO
SIGBUS: [libjvm.dylib+0x58ef95], sa_mask[0]=11111111011111110111111111111111, sa_flags=SA_RESTART|SA_SIGINFO
SIGFPE: [libjvm.dylib+0x46c108], sa_mask[0]=11111111011111110111111111111111, sa_flags=SA_RESTART|SA_SIGINFO
SIGPIPE: [libjvm.dylib+0x46c108], sa_mask[0]=11111111011111110111111111111111, sa_flags=SA_RESTART|SA_SIGINFO
SIGXFSZ: [libjvm.dylib+0x46c108], sa_mask[0]=11111111011111110111111111111111, sa_flags=SA_RESTART|SA_SIGINFO
SIGILL: [libjvm.dylib+0x46c108], sa_mask[0]=11111111011111110111111111111111, sa_flags=SA_RESTART|SA_SIGINFO
SIGUSR1: SIG_DFL, sa_mask[0]=00000000000000000000000000000000, sa_flags=none
SIGUSR2: [libjvm.dylib+0x46bc26], sa_mask[0]=00100000000000000000000000000000, sa_flags=SA_RESTART|SA_SIGINFO
SIGHUP: [libjvm.dylib+0x46a1f9], sa_mask[0]=11111111011111110111111111111111, sa_flags=SA_RESTART|SA_SIGINFO
SIGINT: [libjvm.dylib+0x46a1f9], sa_mask[0]=11111111011111110111111111111111, sa_flags=SA_RESTART|SA_SIGINFO
SIGTERM: [libjvm.dylib+0x46a1f9], sa_mask[0]=11111111011111110111111111111111, sa_flags=SA_RESTART|SA_SIGINFO
SIGQUIT: [libjvm.dylib+0x46a1f9], sa_mask[0]=11111111011111110111111111111111, sa_flags=SA_RESTART|SA_SIGINFO


---------------  S Y S T E M  ---------------

OS:Bsduname:Darwin 14.3.0 Darwin Kernel Version 14.3.0: Mon Mar 23 11:59:05 PDT 2015; root:xnu-2782.20.48~5/RELEASE_X86_64 x86_64
rlimit: STACK 8192k, CORE 0k, NPROC 709, NOFILE 10240, AS infinity
load average:2.56 2.32 2.23

CPU:total 4 (2 cores per cpu, 2 threads per core) family 6 model 58 stepping 9, cmov, cx8, fxsr, mmx, sse, sse2, sse3, ssse3, sse4.1, sse4.2, popcnt, avx, aes, clmul, erms, ht, tsc, tscinvbit, tscinv

Memory: 4k page, physical 4194304k(32840k free)

/proc/meminfo:


vm_info: Java HotSpot(TM) 64-Bit Server VM (25.45-b02) for bsd-amd64 JRE (1.8.0_45-b14), built on Apr 10 2015 10:46:38 by "java_re" with gcc 4.2.1 (Based on Apple Inc. build 5658) (LLVM build 2336.11.00)

time: Sat Aug 22 20:34:49 2015
elapsed time: 14023 seconds (0d 3h 53m 43s)

